
TM1637.elf:     file format elf32-littleriscv
TM1637.elf
architecture: riscv:rv32, flags 0x00000112:
EXEC_P, HAS_SYMS, D_PAGED
start address 0x00000000

Program Header:
    LOAD off    0x00001000 vaddr 0x00000000 paddr 0x00000000 align 2**12
         filesz 0x00000a14 memsz 0x00000a14 flags r-x
    LOAD off    0x00002000 vaddr 0x20000000 paddr 0x00000a14 align 2**12
         filesz 0x00000008 memsz 0x00000014 flags rw-
    LOAD off    0x00000800 vaddr 0x2000f800 paddr 0x2000f800 align 2**12
         filesz 0x00000000 memsz 0x00000800 flags rw-

Sections:
Idx Name          Size      VMA       LMA       File off  Algn
  0 .init         00000038  00000000  00000000  00001000  2**1
                  CONTENTS, ALLOC, LOAD, READONLY, CODE
  1 .vector       000001c8  00000038  00000038  00001038  2**1
                  CONTENTS, ALLOC, LOAD, READONLY, CODE
  2 .text         00000814  00000200  00000200  00001200  2**2
                  CONTENTS, ALLOC, LOAD, READONLY, CODE
  3 .fini         00000000  00000a14  00000a14  00002008  2**0
                  CONTENTS, ALLOC, LOAD, CODE
  4 .dalign       00000000  20000000  20000000  00002008  2**0
                  CONTENTS
  5 .dlalign      00000000  00000a14  00000a14  00002008  2**0
                  CONTENTS
  6 .data         00000008  20000000  00000a14  00002000  2**2
                  CONTENTS, ALLOC, LOAD, DATA
  7 .bss          0000000c  20000008  00000a1c  00002008  2**2
                  ALLOC
  8 .stack        00000800  2000f800  2000f800  00002800  2**0
                  ALLOC
  9 .debug_info   00003228  00000000  00000000  00002008  2**0
                  CONTENTS, READONLY, DEBUGGING, OCTETS
 10 .debug_abbrev 00000da4  00000000  00000000  00005230  2**0
                  CONTENTS, READONLY, DEBUGGING, OCTETS
 11 .debug_aranges 000003d0  00000000  00000000  00005fd8  2**3
                  CONTENTS, READONLY, DEBUGGING, OCTETS
 12 .debug_ranges 00000438  00000000  00000000  000063a8  2**3
                  CONTENTS, READONLY, DEBUGGING, OCTETS
 13 .debug_line   00004a2b  00000000  00000000  000067e0  2**0
                  CONTENTS, READONLY, DEBUGGING, OCTETS
 14 .debug_str    00001737  00000000  00000000  0000b20b  2**0
                  CONTENTS, READONLY, DEBUGGING, OCTETS
 15 .comment      00000033  00000000  00000000  0000c942  2**0
                  CONTENTS, READONLY
 16 .debug_frame  00000744  00000000  00000000  0000c978  2**2
                  CONTENTS, READONLY, DEBUGGING, OCTETS
 17 .debug_loc    00001617  00000000  00000000  0000d0bc  2**0
                  CONTENTS, READONLY, DEBUGGING, OCTETS
SYMBOL TABLE:
00000000 l    d  .init	00000000 .init
00000038 l    d  .vector	00000000 .vector
00000200 l    d  .text	00000000 .text
00000a14 l    d  .fini	00000000 .fini
20000000 l    d  .dalign	00000000 .dalign
00000a14 l    d  .dlalign	00000000 .dlalign
20000000 l    d  .data	00000000 .data
20000008 l    d  .bss	00000000 .bss
2000f800 l    d  .stack	00000000 .stack
00000000 l    d  .debug_info	00000000 .debug_info
00000000 l    d  .debug_abbrev	00000000 .debug_abbrev
00000000 l    d  .debug_aranges	00000000 .debug_aranges
00000000 l    d  .debug_ranges	00000000 .debug_ranges
00000000 l    d  .debug_line	00000000 .debug_line
00000000 l    d  .debug_str	00000000 .debug_str
00000000 l    d  .comment	00000000 .comment
00000000 l    d  .debug_frame	00000000 .debug_frame
00000000 l    d  .debug_loc	00000000 .debug_loc
00000000 l    df *ABS*	00000000 ./Startup/startup_ch32v30x_D8C.o
00000038 l       .vector	00000000 _vector_base
00000000 l    df *ABS*	00000000 ch32v30x_it.c
00000000 l    df *ABS*	00000000 main.c
00000000 l    df *ABS*	00000000 system_ch32v30x.c
00000000 l    df *ABS*	00000000 tm1637.c
00000a04 l     O .text	0000000d TubeTab
00000000 l    df *ABS*	00000000 ch32v30x_gpio.c
00000000 l    df *ABS*	00000000 ch32v30x_misc.c
00000000 l    df *ABS*	00000000 ch32v30x_rcc.c
00000000 l    df *ABS*	00000000 debug.c
20000010 l     O .bss	00000002 p_ms
20000012 l     O .bss	00000001 p_us
00000000 l    df *ABS*	00000000 memcpy.c
0000066e  w      .text	00000000 EXTI2_IRQHandler
000006b8  w      .text	00000000 TIM8_TRG_COM_IRQHandler
000006ba  w      .text	00000000 TIM8_CC_IRQHandler
000006f0  w      .text	00000000 UART8_IRQHandler
20000009 g     O .bss	00000001 point_flag
00000264 g     F .text	00000040 GPIO_TM1637_INIT
20000800 g       .data	00000000 __global_pointer$
00000208 g     F .text	00000028 .hidden __riscv_save_8
00000694  w      .text	00000000 TIM1_CC_IRQHandler
00000262 g     F .text	00000002 HardFault_Handler
00000254 g     F .text	0000000c .hidden __riscv_restore_3
000006ca  w      .text	00000000 TIM6_IRQHandler
0000065a  w      .text	00000000 SysTick_Handler
00000660  w      .text	00000000 PVD_IRQHandler
000006c0  w      .text	00000000 SDIO_IRQHandler
000006f2  w      .text	00000000 TIM9_BRK_IRQHandler
00000240 g     F .text	00000020 .hidden __riscv_restore_10
00000706  w      .text	00000000 DMA2_Channel8_IRQHandler
00000260 g     F .text	00000002 NMI_Handler
000006e0  w      .text	00000000 CAN2_RX1_IRQHandler
00000670  w      .text	00000000 EXTI3_IRQHandler
00000208 g     F .text	00000028 .hidden __riscv_save_11
000006e8  w      .text	00000000 USBHS_IRQHandler
00000708  w      .text	00000000 DMA2_Channel9_IRQHandler
00000700  w      .text	00000000 TIM10_CC_IRQHandler
0000062a g     F .text	00000026 clearDisplay
20000008 g       .bss	00000000 _sbss
00000800 g       *ABS*	00000000 __stack_size
000005ca g     F .text	00000030 coding
00000254 g     F .text	0000000c .hidden __riscv_restore_2
00000926 g     F .text	000000dc memcpy
0000066a  w      .text	00000000 EXTI0_IRQHandler
000006a0  w      .text	00000000 I2C2_EV_IRQHandler
000006fe  w      .text	00000000 TIM10_TRG_COM_IRQHandler
20000000 g     O .data	00000004 SystemCoreClock
00000038 g       .init	00000000 _einit
00000872 g     F .text	0000001e RCC_APB2PeriphClockCmd
00000200 g     F .text	00000030 .hidden __riscv_save_12
000006e2  w      .text	00000000 CAN2_SCE_IRQHandler
00000682  w      .text	00000000 ADC1_2_IRQHandler
00000796 g     F .text	000000c2 GPIO_Init
00000658  w      .text	00000000 Break_Point_Handler
00000240 g     F .text	00000020 .hidden __riscv_restore_11
2000000c g     O .bss	00000004 NVIC_Priority_Group
000006a4  w      .text	00000000 SPI1_IRQHandler
00000662  w      .text	00000000 TAMPER_IRQHandler
00000230 g     F .text	0000000c .hidden __riscv_save_1
00000254 g     F .text	0000000c .hidden __riscv_restore_0
00000216 g     F .text	0000001a .hidden __riscv_save_7
000006de  w      .text	00000000 CAN2_RX0_IRQHandler
0000052a g     F .text	00000018 point
000006b6  w      .text	00000000 TIM8_UP_IRQHandler
00000654  w      .text	00000000 Ecall_M_Mode_Handler
2000f800 g       .stack	00000000 _heap_end
000008ba g     F .text	00000036 Delay_Us
0000024a g     F .text	00000016 .hidden __riscv_restore_5
000005fa g     F .text	00000030 display
000006d0  w      .text	00000000 DMA2_Channel2_IRQHandler
0000067a  w      .text	00000000 DMA1_Channel4_IRQHandler
000006f4  w      .text	00000000 TIM9_UP_IRQHandler
0000024a g     F .text	00000016 .hidden __riscv_restore_6
000006ac  w      .text	00000000 USART3_IRQHandler
00000664  w      .text	00000000 RTC_IRQHandler
20000014 g       .bss	00000000 _ebss
00000680  w      .text	00000000 DMA1_Channel7_IRQHandler
00000688  w      .text	00000000 CAN1_RX1_IRQHandler
00000890 g     F .text	0000002a Delay_Init
000006ea  w      .text	00000000 DVP_IRQHandler
000006c8  w      .text	00000000 UART5_IRQHandler
0000069a  w      .text	00000000 TIM4_IRQHandler
00000208 g     F .text	00000028 .hidden __riscv_save_9
00000862 g     F .text	0000000a GPIO_WriteBit
000006ce  w      .text	00000000 DMA2_Channel1_IRQHandler
00000216 g     F .text	0000001a .hidden __riscv_save_4
0000069c  w      .text	00000000 I2C1_EV_IRQHandler
0000067e  w      .text	00000000 DMA1_Channel6_IRQHandler
000006c6  w      .text	00000000 UART4_IRQHandler
000006d4  w      .text	00000000 DMA2_Channel4_IRQHandler
00000698  w      .text	00000000 TIM3_IRQHandler
00000668  w      .text	00000000 RCC_IRQHandler
00000230 g     F .text	0000000c .hidden __riscv_save_3
00000692  w      .text	00000000 TIM1_TRG_COM_IRQHandler
00000674  w      .text	00000000 DMA1_Channel1_IRQHandler
00000000 g       .init	00000000 _start
00000704  w      .text	00000000 DMA2_Channel7_IRQHandler
000006ae  w      .text	00000000 EXTI15_10_IRQHandler
000006cc  w      .text	00000000 TIM7_IRQHandler
000006dc  w      .text	00000000 CAN2_TX_IRQHandler
20000000 g       .dalign	00000000 _data_vma
000006c2  w      .text	00000000 TIM5_IRQHandler
0000068c  w      .text	00000000 EXTI9_5_IRQHandler
00000208 g     F .text	00000028 .hidden __riscv_save_10
000006da  w      .text	00000000 ETH_WKUP_IRQHandler
0000024a g     F .text	00000016 .hidden __riscv_restore_4
00000240 g     F .text	00000020 .hidden __riscv_restore_8
00000216 g     F .text	0000001a .hidden __riscv_save_6
000006a6  w      .text	00000000 SPI2_IRQHandler
00000240 g     F .text	00000020 .hidden __riscv_restore_9
0000024a g     F .text	00000016 .hidden __riscv_restore_7
000002a4 g     F .text	0000004e main
000006fa  w      .text	00000000 TIM10_BRK_IRQHandler
000006f8  w      .text	00000000 TIM9_CC_IRQHandler
000006d6  w      .text	00000000 DMA2_Channel5_IRQHandler
0000067c  w      .text	00000000 DMA1_Channel5_IRQHandler
00000672  w      .text	00000000 EXTI4_IRQHandler
000008f0 g     F .text	00000036 Delay_Ms
00000686  w      .text	00000000 USB_LP_CAN1_RX0_IRQHandler
000002f2 g     F .text	000000fa SystemInit
000006bc  w      .text	00000000 RNG_IRQHandler
00000684  w      .text	00000000 USB_HP_CAN1_TX_IRQHandler
00000000 g       .init	00000000 _sinit
00000678  w      .text	00000000 DMA1_Channel3_IRQHandler
000006be  w      .text	00000000 FSMC_IRQHandler
000006d8  w      .text	00000000 ETH_IRQHandler
00000690  w      .text	00000000 TIM1_UP_IRQHandler
0000065e  w      .text	00000000 WWDG_IRQHandler
000006e6  w      .text	00000000 USBHSWakeup_IRQHandler
0000070c  w      .text	00000000 DMA2_Channel11_IRQHandler
00000656  w      .text	00000000 Ecall_U_Mode_Handler
00000702  w      .text	00000000 DMA2_Channel6_IRQHandler
00000520 g     F .text	0000000a set_brightness
00000696  w      .text	00000000 TIM2_IRQHandler
20010000 g       .stack	00000000 _eusrstack
00000230 g     F .text	0000000c .hidden __riscv_save_2
0000065c  w      .text	00000000 SW_Handler
00000542 g     F .text	00000040 coding_mass
0000068e  w      .text	00000000 TIM1_BRK_IRQHandler
0000070a  w      .text	00000000 DMA2_Channel10_IRQHandler
0000066c  w      .text	00000000 EXTI1_IRQHandler
00000216 g     F .text	0000001a .hidden __riscv_save_5
20000008 g       .data	00000000 _edata
20000014 g       .bss	00000000 _end
20000008 g     O .bss	00000001 Cmd_DispCtrl
000003ec g     F .text	000000a8 writeByte
000006b0  w      .text	00000000 RTCAlarm_IRQHandler
00000a14 g       .dlalign	00000000 _data_lma
000006fc  w      .text	00000000 TIM10_UP_IRQHandler
000006f6  w      .text	00000000 TIM9_TRG_COM_IRQHandler
000006ee  w      .text	00000000 UART7_IRQHandler
000006aa  w      .text	00000000 USART2_IRQHandler
000006ec  w      .text	00000000 UART6_IRQHandler
000006a2  w      .text	00000000 I2C2_ER_IRQHandler
00000676  w      .text	00000000 DMA1_Channel2_IRQHandler
00000494 g     F .text	00000046 start
0000023c g     F .text	00000024 .hidden __riscv_restore_12
000006b4  w      .text	00000000 TIM8_BRK_IRQHandler
0000070e  w      .text	00000000 handle_reset
0000068a  w      .text	00000000 CAN1_SCE_IRQHandler
00000666  w      .text	00000000 FLASH_IRQHandler
00000230 g     F .text	0000000c .hidden __riscv_save_0
000006a8  w      .text	00000000 USART1_IRQHandler
000006e4  w      .text	00000000 OTG_FS_IRQHandler
000006c4  w      .text	00000000 SPI3_IRQHandler
000004da g     F .text	00000046 stop
0000069e  w      .text	00000000 I2C1_ER_IRQHandler
0000086c g     F .text	00000006 NVIC_PriorityGroupConfig
00000254 g     F .text	0000000c .hidden __riscv_restore_1
00000582 g     F .text	00000048 display_mass
00000858 g     F .text	0000000a GPIO_ReadInputDataBit
000006b2  w      .text	00000000 USBWakeUp_IRQHandler
000006d2  w      .text	00000000 DMA2_Channel3_IRQHandler



Disassembly of section .init:

00000000 <_sinit>:
   0:	70e0006f          	j	70e <handle_reset>
   4:	00000013          	nop
   8:	00000013          	nop
   c:	00000013          	nop
  10:	00000013          	nop
  14:	00000013          	nop
  18:	00000013          	nop
  1c:	00000013          	nop
  20:	00000013          	nop
  24:	00000013          	nop
  28:	00000013          	nop
  2c:	00000013          	nop
  30:	00000013          	nop
  34:	00100073          	ebreak

Disassembly of section .vector:

00000038 <_vector_base>:
	...
  40:	0260                	addi	s0,sp,268
  42:	0000                	unimp
  44:	0262                	slli	tp,tp,0x18
  46:	0000                	unimp
  48:	0000                	unimp
  4a:	0000                	unimp
  4c:	0654                	addi	a3,sp,772
	...
  56:	0000                	unimp
  58:	0656                	slli	a2,a2,0x15
  5a:	0000                	unimp
  5c:	0658                	addi	a4,sp,772
	...
  66:	0000                	unimp
  68:	065a                	slli	a2,a2,0x16
  6a:	0000                	unimp
  6c:	0000                	unimp
  6e:	0000                	unimp
  70:	065c                	addi	a5,sp,772
  72:	0000                	unimp
  74:	0000                	unimp
  76:	0000                	unimp
  78:	065e                	slli	a2,a2,0x17
  7a:	0000                	unimp
  7c:	0660                	addi	s0,sp,780
  7e:	0000                	unimp
  80:	0662                	slli	a2,a2,0x18
  82:	0000                	unimp
  84:	0664                	addi	s1,sp,780
  86:	0000                	unimp
  88:	0666                	slli	a2,a2,0x19
  8a:	0000                	unimp
  8c:	0668                	addi	a0,sp,780
  8e:	0000                	unimp
  90:	066a                	slli	a2,a2,0x1a
  92:	0000                	unimp
  94:	066c                	addi	a1,sp,780
  96:	0000                	unimp
  98:	066e                	slli	a2,a2,0x1b
  9a:	0000                	unimp
  9c:	0670                	addi	a2,sp,780
  9e:	0000                	unimp
  a0:	0672                	slli	a2,a2,0x1c
  a2:	0000                	unimp
  a4:	0674                	addi	a3,sp,780
  a6:	0000                	unimp
  a8:	0676                	slli	a2,a2,0x1d
  aa:	0000                	unimp
  ac:	0678                	addi	a4,sp,780
  ae:	0000                	unimp
  b0:	067a                	slli	a2,a2,0x1e
  b2:	0000                	unimp
  b4:	067c                	addi	a5,sp,780
  b6:	0000                	unimp
  b8:	067e                	slli	a2,a2,0x1f
  ba:	0000                	unimp
  bc:	0680                	addi	s0,sp,832
  be:	0000                	unimp
  c0:	0682                	c.slli64	a3
  c2:	0000                	unimp
  c4:	0684                	addi	s1,sp,832
  c6:	0000                	unimp
  c8:	0686                	slli	a3,a3,0x1
  ca:	0000                	unimp
  cc:	0688                	addi	a0,sp,832
  ce:	0000                	unimp
  d0:	068a                	slli	a3,a3,0x2
  d2:	0000                	unimp
  d4:	068c                	addi	a1,sp,832
  d6:	0000                	unimp
  d8:	068e                	slli	a3,a3,0x3
  da:	0000                	unimp
  dc:	0690                	addi	a2,sp,832
  de:	0000                	unimp
  e0:	0692                	slli	a3,a3,0x4
  e2:	0000                	unimp
  e4:	0694                	addi	a3,sp,832
  e6:	0000                	unimp
  e8:	0696                	slli	a3,a3,0x5
  ea:	0000                	unimp
  ec:	0698                	addi	a4,sp,832
  ee:	0000                	unimp
  f0:	069a                	slli	a3,a3,0x6
  f2:	0000                	unimp
  f4:	069c                	addi	a5,sp,832
  f6:	0000                	unimp
  f8:	069e                	slli	a3,a3,0x7
  fa:	0000                	unimp
  fc:	06a0                	addi	s0,sp,840
  fe:	0000                	unimp
 100:	06a2                	slli	a3,a3,0x8
 102:	0000                	unimp
 104:	06a4                	addi	s1,sp,840
 106:	0000                	unimp
 108:	06a6                	slli	a3,a3,0x9
 10a:	0000                	unimp
 10c:	06a8                	addi	a0,sp,840
 10e:	0000                	unimp
 110:	06aa                	slli	a3,a3,0xa
 112:	0000                	unimp
 114:	06ac                	addi	a1,sp,840
 116:	0000                	unimp
 118:	06ae                	slli	a3,a3,0xb
 11a:	0000                	unimp
 11c:	06b0                	addi	a2,sp,840
 11e:	0000                	unimp
 120:	06b2                	slli	a3,a3,0xc
 122:	0000                	unimp
 124:	06b4                	addi	a3,sp,840
 126:	0000                	unimp
 128:	06b6                	slli	a3,a3,0xd
 12a:	0000                	unimp
 12c:	06b8                	addi	a4,sp,840
 12e:	0000                	unimp
 130:	06ba                	slli	a3,a3,0xe
 132:	0000                	unimp
 134:	06bc                	addi	a5,sp,840
 136:	0000                	unimp
 138:	06be                	slli	a3,a3,0xf
 13a:	0000                	unimp
 13c:	06c0                	addi	s0,sp,836
 13e:	0000                	unimp
 140:	06c2                	slli	a3,a3,0x10
 142:	0000                	unimp
 144:	06c4                	addi	s1,sp,836
 146:	0000                	unimp
 148:	06c6                	slli	a3,a3,0x11
 14a:	0000                	unimp
 14c:	06c8                	addi	a0,sp,836
 14e:	0000                	unimp
 150:	06ca                	slli	a3,a3,0x12
 152:	0000                	unimp
 154:	06cc                	addi	a1,sp,836
 156:	0000                	unimp
 158:	06ce                	slli	a3,a3,0x13
 15a:	0000                	unimp
 15c:	06d0                	addi	a2,sp,836
 15e:	0000                	unimp
 160:	06d2                	slli	a3,a3,0x14
 162:	0000                	unimp
 164:	06d4                	addi	a3,sp,836
 166:	0000                	unimp
 168:	06d6                	slli	a3,a3,0x15
 16a:	0000                	unimp
 16c:	06d8                	addi	a4,sp,836
 16e:	0000                	unimp
 170:	06da                	slli	a3,a3,0x16
 172:	0000                	unimp
 174:	06dc                	addi	a5,sp,836
 176:	0000                	unimp
 178:	06de                	slli	a3,a3,0x17
 17a:	0000                	unimp
 17c:	06e0                	addi	s0,sp,844
 17e:	0000                	unimp
 180:	06e2                	slli	a3,a3,0x18
 182:	0000                	unimp
 184:	06e4                	addi	s1,sp,844
 186:	0000                	unimp
 188:	06e6                	slli	a3,a3,0x19
 18a:	0000                	unimp
 18c:	06e8                	addi	a0,sp,844
 18e:	0000                	unimp
 190:	06ea                	slli	a3,a3,0x1a
 192:	0000                	unimp
 194:	06ec                	addi	a1,sp,844
 196:	0000                	unimp
 198:	06ee                	slli	a3,a3,0x1b
 19a:	0000                	unimp
 19c:	06f0                	addi	a2,sp,844
 19e:	0000                	unimp
 1a0:	06f2                	slli	a3,a3,0x1c
 1a2:	0000                	unimp
 1a4:	06f4                	addi	a3,sp,844
 1a6:	0000                	unimp
 1a8:	06f6                	slli	a3,a3,0x1d
 1aa:	0000                	unimp
 1ac:	06f8                	addi	a4,sp,844
 1ae:	0000                	unimp
 1b0:	06fa                	slli	a3,a3,0x1e
 1b2:	0000                	unimp
 1b4:	06fc                	addi	a5,sp,844
 1b6:	0000                	unimp
 1b8:	06fe                	slli	a3,a3,0x1f
 1ba:	0000                	unimp
 1bc:	0700                	addi	s0,sp,896
 1be:	0000                	unimp
 1c0:	0702                	c.slli64	a4
 1c2:	0000                	unimp
 1c4:	0704                	addi	s1,sp,896
 1c6:	0000                	unimp
 1c8:	0706                	slli	a4,a4,0x1
 1ca:	0000                	unimp
 1cc:	0708                	addi	a0,sp,896
 1ce:	0000                	unimp
 1d0:	070a                	slli	a4,a4,0x2
 1d2:	0000                	unimp
 1d4:	070c                	addi	a1,sp,896
	...

Disassembly of section .text:

00000200 <__riscv_save_12>:
 200:	7139                	addi	sp,sp,-64
 202:	4301                	li	t1,0
 204:	c66e                	sw	s11,12(sp)
 206:	a019                	j	20c <__riscv_save_10+0x4>

00000208 <__riscv_save_10>:
 208:	7139                	addi	sp,sp,-64
 20a:	5341                	li	t1,-16
 20c:	c86a                	sw	s10,16(sp)
 20e:	ca66                	sw	s9,20(sp)
 210:	cc62                	sw	s8,24(sp)
 212:	ce5e                	sw	s7,28(sp)
 214:	a019                	j	21a <__riscv_save_4+0x4>

00000216 <__riscv_save_4>:
 216:	7139                	addi	sp,sp,-64
 218:	5301                	li	t1,-32
 21a:	d05a                	sw	s6,32(sp)
 21c:	d256                	sw	s5,36(sp)
 21e:	d452                	sw	s4,40(sp)
 220:	d64e                	sw	s3,44(sp)
 222:	d84a                	sw	s2,48(sp)
 224:	da26                	sw	s1,52(sp)
 226:	dc22                	sw	s0,56(sp)
 228:	de06                	sw	ra,60(sp)
 22a:	40610133          	sub	sp,sp,t1
 22e:	8282                	jr	t0

00000230 <__riscv_save_0>:
 230:	1141                	addi	sp,sp,-16
 232:	c04a                	sw	s2,0(sp)
 234:	c226                	sw	s1,4(sp)
 236:	c422                	sw	s0,8(sp)
 238:	c606                	sw	ra,12(sp)
 23a:	8282                	jr	t0

0000023c <__riscv_restore_12>:
 23c:	4db2                	lw	s11,12(sp)
 23e:	0141                	addi	sp,sp,16

00000240 <__riscv_restore_10>:
 240:	4d02                	lw	s10,0(sp)
 242:	4c92                	lw	s9,4(sp)
 244:	4c22                	lw	s8,8(sp)
 246:	4bb2                	lw	s7,12(sp)
 248:	0141                	addi	sp,sp,16

0000024a <__riscv_restore_4>:
 24a:	4b02                	lw	s6,0(sp)
 24c:	4a92                	lw	s5,4(sp)
 24e:	4a22                	lw	s4,8(sp)
 250:	49b2                	lw	s3,12(sp)
 252:	0141                	addi	sp,sp,16

00000254 <__riscv_restore_0>:
 254:	4902                	lw	s2,0(sp)
 256:	4492                	lw	s1,4(sp)
 258:	4422                	lw	s0,8(sp)
 25a:	40b2                	lw	ra,12(sp)
 25c:	0141                	addi	sp,sp,16
 25e:	8082                	ret

00000260 <NMI_Handler>:
 260:	8082                	ret

00000262 <HardFault_Handler>:
 262:	a001                	j	262 <HardFault_Handler>

00000264 <GPIO_TM1637_INIT>:
 264:	fcdff2ef          	jal	t0,230 <__riscv_save_0>
 268:	1141                	addi	sp,sp,-16
 26a:	4585                	li	a1,1
 26c:	4511                	li	a0,4
 26e:	c202                	sw	zero,4(sp)
 270:	c402                	sw	zero,8(sp)
 272:	c602                	sw	zero,12(sp)
 274:	5fe000ef          	jal	ra,872 <RCC_APB2PeriphClockCmd>
 278:	60000793          	li	a5,1536
 27c:	40011437          	lui	s0,0x40011
 280:	00f11223          	sh	a5,4(sp)
 284:	47d1                	li	a5,20
 286:	c63e                	sw	a5,12(sp)
 288:	004c                	addi	a1,sp,4
 28a:	4789                	li	a5,2
 28c:	80040513          	addi	a0,s0,-2048 # 40010800 <_eusrstack+0x20000800>
 290:	c43e                	sw	a5,8(sp)
 292:	2311                	jal	796 <GPIO_Init>
 294:	4601                	li	a2,0
 296:	60000593          	li	a1,1536
 29a:	80040513          	addi	a0,s0,-2048
 29e:	23d1                	jal	862 <GPIO_WriteBit>
 2a0:	0141                	addi	sp,sp,16
 2a2:	bf4d                	j	254 <__riscv_restore_0>

000002a4 <main>:
 2a4:	f8dff2ef          	jal	t0,230 <__riscv_save_0>
 2a8:	1141                	addi	sp,sp,-16
 2aa:	4509                	li	a0,2
 2ac:	23c1                	jal	86c <NVIC_PriorityGroupConfig>
 2ae:	23cd                	jal	890 <Delay_Init>
 2b0:	3f55                	jal	264 <GPIO_TM1637_INIT>
 2b2:	4505                	li	a0,1
 2b4:	24b5                	jal	520 <set_brightness>
 2b6:	4401                	li	s0,0
 2b8:	2e8d                	jal	62a <clearDisplay>
 2ba:	44a1                	li	s1,8
 2bc:	c602                	sw	zero,12(sp)
 2be:	4501                	li	a0,0
 2c0:	24ad                	jal	52a <point>
 2c2:	01841793          	slli	a5,s0,0x18
 2c6:	87e1                	srai	a5,a5,0x18
 2c8:	0068                	addi	a0,sp,12
 2ca:	00f10623          	sb	a5,12(sp)
 2ce:	00f106a3          	sb	a5,13(sp)
 2d2:	00f10723          	sb	a5,14(sp)
 2d6:	00f107a3          	sb	a5,15(sp)
 2da:	2465                	jal	582 <display_mass>
 2dc:	0084e963          	bltu	s1,s0,2ee <main+0x4a>
 2e0:	0405                	addi	s0,s0,1
 2e2:	0ff47413          	zext.b	s0,s0
 2e6:	1f400513          	li	a0,500
 2ea:	2519                	jal	8f0 <Delay_Ms>
 2ec:	bfc9                	j	2be <main+0x1a>
 2ee:	4401                	li	s0,0
 2f0:	bfdd                	j	2e6 <main+0x42>

000002f2 <SystemInit>:
 2f2:	400217b7          	lui	a5,0x40021
 2f6:	4398                	lw	a4,0(a5)
 2f8:	f8ff06b7          	lui	a3,0xf8ff0
 2fc:	1141                	addi	sp,sp,-16
 2fe:	00176713          	ori	a4,a4,1
 302:	c398                	sw	a4,0(a5)
 304:	43d8                	lw	a4,4(a5)
 306:	00020637          	lui	a2,0x20
 30a:	8f75                	and	a4,a4,a3
 30c:	c3d8                	sw	a4,4(a5)
 30e:	4398                	lw	a4,0(a5)
 310:	fef706b7          	lui	a3,0xfef70
 314:	16fd                	addi	a3,a3,-1
 316:	8f75                	and	a4,a4,a3
 318:	c398                	sw	a4,0(a5)
 31a:	4398                	lw	a4,0(a5)
 31c:	fffc06b7          	lui	a3,0xfffc0
 320:	16fd                	addi	a3,a3,-1
 322:	8f75                	and	a4,a4,a3
 324:	c398                	sw	a4,0(a5)
 326:	43d8                	lw	a4,4(a5)
 328:	ff8106b7          	lui	a3,0xff810
 32c:	16fd                	addi	a3,a3,-1
 32e:	8f75                	and	a4,a4,a3
 330:	c3d8                	sw	a4,4(a5)
 332:	4398                	lw	a4,0(a5)
 334:	ec0006b7          	lui	a3,0xec000
 338:	16fd                	addi	a3,a3,-1
 33a:	8f75                	and	a4,a4,a3
 33c:	c398                	sw	a4,0(a5)
 33e:	00ff0737          	lui	a4,0xff0
 342:	c798                	sw	a4,8(a5)
 344:	0207a623          	sw	zero,44(a5) # 4002102c <_eusrstack+0x2001102c>
 348:	c402                	sw	zero,8(sp)
 34a:	c602                	sw	zero,12(sp)
 34c:	4398                	lw	a4,0(a5)
 34e:	66c1                	lui	a3,0x10
 350:	8f55                	or	a4,a4,a3
 352:	c398                	sw	a4,0(a5)
 354:	400216b7          	lui	a3,0x40021
 358:	6705                	lui	a4,0x1
 35a:	429c                	lw	a5,0(a3)
 35c:	8ff1                	and	a5,a5,a2
 35e:	c63e                	sw	a5,12(sp)
 360:	47a2                	lw	a5,8(sp)
 362:	0785                	addi	a5,a5,1
 364:	c43e                	sw	a5,8(sp)
 366:	47b2                	lw	a5,12(sp)
 368:	e781                	bnez	a5,370 <SystemInit+0x7e>
 36a:	47a2                	lw	a5,8(sp)
 36c:	fee797e3          	bne	a5,a4,35a <SystemInit+0x68>
 370:	400217b7          	lui	a5,0x40021
 374:	439c                	lw	a5,0(a5)
 376:	00020737          	lui	a4,0x20
 37a:	8ff9                	and	a5,a5,a4
 37c:	c7b5                	beqz	a5,3e8 <SystemInit+0xf6>
 37e:	4785                	li	a5,1
 380:	c63e                	sw	a5,12(sp)
 382:	4732                	lw	a4,12(sp)
 384:	4785                	li	a5,1
 386:	04f71f63          	bne	a4,a5,3e4 <SystemInit+0xf2>
 38a:	400217b7          	lui	a5,0x40021
 38e:	43d8                	lw	a4,4(a5)
 390:	ffc106b7          	lui	a3,0xffc10
 394:	16fd                	addi	a3,a3,-1
 396:	c3d8                	sw	a4,4(a5)
 398:	43d8                	lw	a4,4(a5)
 39a:	c3d8                	sw	a4,4(a5)
 39c:	43d8                	lw	a4,4(a5)
 39e:	40076713          	ori	a4,a4,1024
 3a2:	c3d8                	sw	a4,4(a5)
 3a4:	43d8                	lw	a4,4(a5)
 3a6:	8f75                	and	a4,a4,a3
 3a8:	c3d8                	sw	a4,4(a5)
 3aa:	43d8                	lw	a4,4(a5)
 3ac:	001d06b7          	lui	a3,0x1d0
 3b0:	8f55                	or	a4,a4,a3
 3b2:	c3d8                	sw	a4,4(a5)
 3b4:	4398                	lw	a4,0(a5)
 3b6:	010006b7          	lui	a3,0x1000
 3ba:	8f55                	or	a4,a4,a3
 3bc:	c398                	sw	a4,0(a5)
 3be:	020006b7          	lui	a3,0x2000
 3c2:	4398                	lw	a4,0(a5)
 3c4:	8f75                	and	a4,a4,a3
 3c6:	df75                	beqz	a4,3c2 <SystemInit+0xd0>
 3c8:	43d8                	lw	a4,4(a5)
 3ca:	400216b7          	lui	a3,0x40021
 3ce:	9b71                	andi	a4,a4,-4
 3d0:	c3d8                	sw	a4,4(a5)
 3d2:	43d8                	lw	a4,4(a5)
 3d4:	00276713          	ori	a4,a4,2
 3d8:	c3d8                	sw	a4,4(a5)
 3da:	4721                	li	a4,8
 3dc:	42dc                	lw	a5,4(a3)
 3de:	8bb1                	andi	a5,a5,12
 3e0:	fee79ee3          	bne	a5,a4,3dc <SystemInit+0xea>
 3e4:	0141                	addi	sp,sp,16
 3e6:	8082                	ret
 3e8:	c602                	sw	zero,12(sp)
 3ea:	bf61                	j	382 <SystemInit+0x90>

000003ec <writeByte>:
 3ec:	e2bff2ef          	jal	t0,216 <__riscv_save_4>
 3f0:	40011937          	lui	s2,0x40011
 3f4:	84aa                	mv	s1,a0
 3f6:	4421                	li	s0,8
 3f8:	80090993          	addi	s3,s2,-2048 # 40010800 <_eusrstack+0x20000800>
 3fc:	4601                	li	a2,0
 3fe:	40000593          	li	a1,1024
 402:	854e                	mv	a0,s3
 404:	29b9                	jal	862 <GPIO_WriteBit>
 406:	0014f793          	andi	a5,s1,1
 40a:	4605                	li	a2,1
 40c:	e391                	bnez	a5,410 <writeByte+0x24>
 40e:	4601                	li	a2,0
 410:	20000593          	li	a1,512
 414:	854e                	mv	a0,s3
 416:	21b1                	jal	862 <GPIO_WriteBit>
 418:	4519                	li	a0,6
 41a:	2145                	jal	8ba <Delay_Us>
 41c:	4519                	li	a0,6
 41e:	2971                	jal	8ba <Delay_Us>
 420:	4605                	li	a2,1
 422:	40000593          	li	a1,1024
 426:	854e                	mv	a0,s3
 428:	292d                	jal	862 <GPIO_WriteBit>
 42a:	147d                	addi	s0,s0,-1
 42c:	4521                	li	a0,8
 42e:	0ff47413          	zext.b	s0,s0
 432:	8485                	srai	s1,s1,0x1
 434:	2159                	jal	8ba <Delay_Us>
 436:	f079                	bnez	s0,3fc <writeByte+0x10>
 438:	4601                	li	a2,0
 43a:	40000593          	li	a1,1024
 43e:	80090513          	addi	a0,s2,-2048
 442:	2105                	jal	862 <GPIO_WriteBit>
 444:	4519                	li	a0,6
 446:	2995                	jal	8ba <Delay_Us>
 448:	4605                	li	a2,1
 44a:	20000593          	li	a1,512
 44e:	80090513          	addi	a0,s2,-2048
 452:	2901                	jal	862 <GPIO_WriteBit>
 454:	4519                	li	a0,6
 456:	2195                	jal	8ba <Delay_Us>
 458:	4605                	li	a2,1
 45a:	40000593          	li	a1,1024
 45e:	80090513          	addi	a0,s2,-2048
 462:	2101                	jal	862 <GPIO_WriteBit>
 464:	4521                	li	a0,8
 466:	400114b7          	lui	s1,0x40011
 46a:	2981                	jal	8ba <Delay_Us>
 46c:	80048493          	addi	s1,s1,-2048 # 40010800 <_eusrstack+0x20000800>
 470:	0c800413          	li	s0,200
 474:	20000593          	li	a1,512
 478:	8526                	mv	a0,s1
 47a:	2ef9                	jal	858 <GPIO_ReadInputDataBit>
 47c:	e111                	bnez	a0,480 <writeByte+0x94>
 47e:	b3f1                	j	24a <__riscv_restore_4>
 480:	147d                	addi	s0,s0,-1
 482:	0ff47413          	zext.b	s0,s0
 486:	f47d                	bnez	s0,474 <writeByte+0x88>
 488:	4601                	li	a2,0
 48a:	20000593          	li	a1,512
 48e:	8526                	mv	a0,s1
 490:	2ec9                	jal	862 <GPIO_WriteBit>
 492:	bff9                	j	470 <writeByte+0x84>

00000494 <start>:
 494:	d9dff2ef          	jal	t0,230 <__riscv_save_0>
 498:	40011437          	lui	s0,0x40011
 49c:	4605                	li	a2,1
 49e:	40000593          	li	a1,1024
 4a2:	80040513          	addi	a0,s0,-2048 # 40010800 <_eusrstack+0x20000800>
 4a6:	2e75                	jal	862 <GPIO_WriteBit>
 4a8:	4519                	li	a0,6
 4aa:	2901                	jal	8ba <Delay_Us>
 4ac:	4605                	li	a2,1
 4ae:	20000593          	li	a1,512
 4b2:	80040513          	addi	a0,s0,-2048
 4b6:	2675                	jal	862 <GPIO_WriteBit>
 4b8:	4519                	li	a0,6
 4ba:	2101                	jal	8ba <Delay_Us>
 4bc:	4601                	li	a2,0
 4be:	20000593          	li	a1,512
 4c2:	80040513          	addi	a0,s0,-2048
 4c6:	2e71                	jal	862 <GPIO_WriteBit>
 4c8:	4519                	li	a0,6
 4ca:	2ec5                	jal	8ba <Delay_Us>
 4cc:	4601                	li	a2,0
 4ce:	40000593          	li	a1,1024
 4d2:	80040513          	addi	a0,s0,-2048
 4d6:	2671                	jal	862 <GPIO_WriteBit>
 4d8:	bbb5                	j	254 <__riscv_restore_0>

000004da <stop>:
 4da:	d57ff2ef          	jal	t0,230 <__riscv_save_0>
 4de:	40011437          	lui	s0,0x40011
 4e2:	4601                	li	a2,0
 4e4:	40000593          	li	a1,1024
 4e8:	80040513          	addi	a0,s0,-2048 # 40010800 <_eusrstack+0x20000800>
 4ec:	2e9d                	jal	862 <GPIO_WriteBit>
 4ee:	4519                	li	a0,6
 4f0:	26e9                	jal	8ba <Delay_Us>
 4f2:	4601                	li	a2,0
 4f4:	20000593          	li	a1,512
 4f8:	80040513          	addi	a0,s0,-2048
 4fc:	269d                	jal	862 <GPIO_WriteBit>
 4fe:	4519                	li	a0,6
 500:	2e6d                	jal	8ba <Delay_Us>
 502:	4605                	li	a2,1
 504:	40000593          	li	a1,1024
 508:	80040513          	addi	a0,s0,-2048
 50c:	2e99                	jal	862 <GPIO_WriteBit>
 50e:	4519                	li	a0,6
 510:	266d                	jal	8ba <Delay_Us>
 512:	4605                	li	a2,1
 514:	20000593          	li	a1,512
 518:	80040513          	addi	a0,s0,-2048
 51c:	2699                	jal	862 <GPIO_WriteBit>
 51e:	bb1d                	j	254 <__riscv_restore_0>

00000520 <set_brightness>:
 520:	f8850513          	addi	a0,a0,-120
 524:	80a18423          	sb	a0,-2040(gp) # 20000008 <Cmd_DispCtrl>
 528:	8082                	ret

0000052a <point>:
 52a:	80918713          	addi	a4,gp,-2039 # 20000009 <point_flag>
 52e:	4785                	li	a5,1
 530:	e511                	bnez	a0,53c <point+0x12>
 532:	00074783          	lbu	a5,0(a4) # 20000 <_data_lma+0x1f5ec>
 536:	fff7c793          	not	a5,a5
 53a:	8b85                	andi	a5,a5,1
 53c:	00f70023          	sb	a5,0(a4)
 540:	8082                	ret

00000542 <coding_mass>:
 542:	8091c703          	lbu	a4,-2039(gp) # 20000009 <point_flag>
 546:	4785                	li	a5,1
 548:	08000613          	li	a2,128
 54c:	00f70363          	beq	a4,a5,552 <coding_mass+0x10>
 550:	4601                	li	a2,0
 552:	6685                	lui	a3,0x1
 554:	00450593          	addi	a1,a0,4
 558:	07f00813          	li	a6,127
 55c:	a0468693          	addi	a3,a3,-1532 # a04 <TubeTab>
 560:	00050703          	lb	a4,0(a0)
 564:	4781                	li	a5,0
 566:	01070863          	beq	a4,a6,576 <coding_mass+0x34>
 56a:	9736                	add	a4,a4,a3
 56c:	00074783          	lbu	a5,0(a4)
 570:	97b2                	add	a5,a5,a2
 572:	07e2                	slli	a5,a5,0x18
 574:	87e1                	srai	a5,a5,0x18
 576:	00f50023          	sb	a5,0(a0)
 57a:	0505                	addi	a0,a0,1
 57c:	feb512e3          	bne	a0,a1,560 <coding_mass+0x1e>
 580:	8082                	ret

00000582 <display_mass>:
 582:	cafff2ef          	jal	t0,230 <__riscv_save_0>
 586:	1141                	addi	sp,sp,-16
 588:	85aa                	mv	a1,a0
 58a:	4611                	li	a2,4
 58c:	0068                	addi	a0,sp,12
 58e:	2e61                	jal	926 <memcpy>
 590:	0068                	addi	a0,sp,12
 592:	3f45                	jal	542 <coding_mass>
 594:	3701                	jal	494 <start>
 596:	04000513          	li	a0,64
 59a:	3d89                	jal	3ec <writeByte>
 59c:	3f3d                	jal	4da <stop>
 59e:	3ddd                	jal	494 <start>
 5a0:	fc000513          	li	a0,-64
 5a4:	35a1                	jal	3ec <writeByte>
 5a6:	4401                	li	s0,0
 5a8:	4491                	li	s1,4
 5aa:	007c                	addi	a5,sp,12
 5ac:	97a2                	add	a5,a5,s0
 5ae:	00078503          	lb	a0,0(a5) # 40021000 <_eusrstack+0x20011000>
 5b2:	0405                	addi	s0,s0,1
 5b4:	3d25                	jal	3ec <writeByte>
 5b6:	fe941ae3          	bne	s0,s1,5aa <display_mass+0x28>
 5ba:	3705                	jal	4da <stop>
 5bc:	3de1                	jal	494 <start>
 5be:	80818503          	lb	a0,-2040(gp) # 20000008 <Cmd_DispCtrl>
 5c2:	352d                	jal	3ec <writeByte>
 5c4:	3f19                	jal	4da <stop>
 5c6:	0141                	addi	sp,sp,16
 5c8:	b171                	j	254 <__riscv_restore_0>

000005ca <coding>:
 5ca:	8091c683          	lbu	a3,-2039(gp) # 20000009 <point_flag>
 5ce:	4705                	li	a4,1
 5d0:	08000793          	li	a5,128
 5d4:	00e68363          	beq	a3,a4,5da <coding+0x10>
 5d8:	4781                	li	a5,0
 5da:	07f00713          	li	a4,127
 5de:	00e51663          	bne	a0,a4,5ea <coding+0x20>
 5e2:	01879513          	slli	a0,a5,0x18
 5e6:	8561                	srai	a0,a0,0x18
 5e8:	8082                	ret
 5ea:	6705                	lui	a4,0x1
 5ec:	a0470713          	addi	a4,a4,-1532 # a04 <TubeTab>
 5f0:	953a                	add	a0,a0,a4
 5f2:	00054503          	lbu	a0,0(a0)
 5f6:	97aa                	add	a5,a5,a0
 5f8:	b7ed                	j	5e2 <coding+0x18>

000005fa <display>:
 5fa:	c37ff2ef          	jal	t0,230 <__riscv_save_0>
 5fe:	84aa                	mv	s1,a0
 600:	852e                	mv	a0,a1
 602:	37e1                	jal	5ca <coding>
 604:	842a                	mv	s0,a0
 606:	3579                	jal	494 <start>
 608:	04400513          	li	a0,68
 60c:	33c5                	jal	3ec <writeByte>
 60e:	35f1                	jal	4da <stop>
 610:	3551                	jal	494 <start>
 612:	fc04e513          	ori	a0,s1,-64
 616:	3bd9                	jal	3ec <writeByte>
 618:	8522                	mv	a0,s0
 61a:	3bc9                	jal	3ec <writeByte>
 61c:	3d7d                	jal	4da <stop>
 61e:	3d9d                	jal	494 <start>
 620:	80818503          	lb	a0,-2040(gp) # 20000008 <Cmd_DispCtrl>
 624:	33e1                	jal	3ec <writeByte>
 626:	3d55                	jal	4da <stop>
 628:	b135                	j	254 <__riscv_restore_0>

0000062a <clearDisplay>:
 62a:	c07ff2ef          	jal	t0,230 <__riscv_save_0>
 62e:	07f00593          	li	a1,127
 632:	4501                	li	a0,0
 634:	37d9                	jal	5fa <display>
 636:	07f00593          	li	a1,127
 63a:	4505                	li	a0,1
 63c:	3f7d                	jal	5fa <display>
 63e:	07f00593          	li	a1,127
 642:	4509                	li	a0,2
 644:	3f5d                	jal	5fa <display>
 646:	07f00593          	li	a1,127
 64a:	450d                	li	a0,3
 64c:	377d                	jal	5fa <display>
 64e:	b119                	j	254 <__riscv_restore_0>
 650:	a001                	j	650 <clearDisplay+0x26>
 652:	a001                	j	652 <clearDisplay+0x28>

00000654 <Ecall_M_Mode_Handler>:
 654:	a001                	j	654 <Ecall_M_Mode_Handler>

00000656 <Ecall_U_Mode_Handler>:
 656:	a001                	j	656 <Ecall_U_Mode_Handler>

00000658 <Break_Point_Handler>:
 658:	a001                	j	658 <Break_Point_Handler>

0000065a <SysTick_Handler>:
 65a:	a001                	j	65a <SysTick_Handler>

0000065c <SW_Handler>:
 65c:	a001                	j	65c <SW_Handler>

0000065e <WWDG_IRQHandler>:
 65e:	a001                	j	65e <WWDG_IRQHandler>

00000660 <PVD_IRQHandler>:
 660:	a001                	j	660 <PVD_IRQHandler>

00000662 <TAMPER_IRQHandler>:
 662:	a001                	j	662 <TAMPER_IRQHandler>

00000664 <RTC_IRQHandler>:
 664:	a001                	j	664 <RTC_IRQHandler>

00000666 <FLASH_IRQHandler>:
 666:	a001                	j	666 <FLASH_IRQHandler>

00000668 <RCC_IRQHandler>:
 668:	a001                	j	668 <RCC_IRQHandler>

0000066a <EXTI0_IRQHandler>:
 66a:	a001                	j	66a <EXTI0_IRQHandler>

0000066c <EXTI1_IRQHandler>:
 66c:	a001                	j	66c <EXTI1_IRQHandler>

0000066e <EXTI2_IRQHandler>:
 66e:	a001                	j	66e <EXTI2_IRQHandler>

00000670 <EXTI3_IRQHandler>:
 670:	a001                	j	670 <EXTI3_IRQHandler>

00000672 <EXTI4_IRQHandler>:
 672:	a001                	j	672 <EXTI4_IRQHandler>

00000674 <DMA1_Channel1_IRQHandler>:
 674:	a001                	j	674 <DMA1_Channel1_IRQHandler>

00000676 <DMA1_Channel2_IRQHandler>:
 676:	a001                	j	676 <DMA1_Channel2_IRQHandler>

00000678 <DMA1_Channel3_IRQHandler>:
 678:	a001                	j	678 <DMA1_Channel3_IRQHandler>

0000067a <DMA1_Channel4_IRQHandler>:
 67a:	a001                	j	67a <DMA1_Channel4_IRQHandler>

0000067c <DMA1_Channel5_IRQHandler>:
 67c:	a001                	j	67c <DMA1_Channel5_IRQHandler>

0000067e <DMA1_Channel6_IRQHandler>:
 67e:	a001                	j	67e <DMA1_Channel6_IRQHandler>

00000680 <DMA1_Channel7_IRQHandler>:
 680:	a001                	j	680 <DMA1_Channel7_IRQHandler>

00000682 <ADC1_2_IRQHandler>:
 682:	a001                	j	682 <ADC1_2_IRQHandler>

00000684 <USB_HP_CAN1_TX_IRQHandler>:
 684:	a001                	j	684 <USB_HP_CAN1_TX_IRQHandler>

00000686 <USB_LP_CAN1_RX0_IRQHandler>:
 686:	a001                	j	686 <USB_LP_CAN1_RX0_IRQHandler>

00000688 <CAN1_RX1_IRQHandler>:
 688:	a001                	j	688 <CAN1_RX1_IRQHandler>

0000068a <CAN1_SCE_IRQHandler>:
 68a:	a001                	j	68a <CAN1_SCE_IRQHandler>

0000068c <EXTI9_5_IRQHandler>:
 68c:	a001                	j	68c <EXTI9_5_IRQHandler>

0000068e <TIM1_BRK_IRQHandler>:
 68e:	a001                	j	68e <TIM1_BRK_IRQHandler>

00000690 <TIM1_UP_IRQHandler>:
 690:	a001                	j	690 <TIM1_UP_IRQHandler>

00000692 <TIM1_TRG_COM_IRQHandler>:
 692:	a001                	j	692 <TIM1_TRG_COM_IRQHandler>

00000694 <TIM1_CC_IRQHandler>:
 694:	a001                	j	694 <TIM1_CC_IRQHandler>

00000696 <TIM2_IRQHandler>:
 696:	a001                	j	696 <TIM2_IRQHandler>

00000698 <TIM3_IRQHandler>:
 698:	a001                	j	698 <TIM3_IRQHandler>

0000069a <TIM4_IRQHandler>:
 69a:	a001                	j	69a <TIM4_IRQHandler>

0000069c <I2C1_EV_IRQHandler>:
 69c:	a001                	j	69c <I2C1_EV_IRQHandler>

0000069e <I2C1_ER_IRQHandler>:
 69e:	a001                	j	69e <I2C1_ER_IRQHandler>

000006a0 <I2C2_EV_IRQHandler>:
 6a0:	a001                	j	6a0 <I2C2_EV_IRQHandler>

000006a2 <I2C2_ER_IRQHandler>:
 6a2:	a001                	j	6a2 <I2C2_ER_IRQHandler>

000006a4 <SPI1_IRQHandler>:
 6a4:	a001                	j	6a4 <SPI1_IRQHandler>

000006a6 <SPI2_IRQHandler>:
 6a6:	a001                	j	6a6 <SPI2_IRQHandler>

000006a8 <USART1_IRQHandler>:
 6a8:	a001                	j	6a8 <USART1_IRQHandler>

000006aa <USART2_IRQHandler>:
 6aa:	a001                	j	6aa <USART2_IRQHandler>

000006ac <USART3_IRQHandler>:
 6ac:	a001                	j	6ac <USART3_IRQHandler>

000006ae <EXTI15_10_IRQHandler>:
 6ae:	a001                	j	6ae <EXTI15_10_IRQHandler>

000006b0 <RTCAlarm_IRQHandler>:
 6b0:	a001                	j	6b0 <RTCAlarm_IRQHandler>

000006b2 <USBWakeUp_IRQHandler>:
 6b2:	a001                	j	6b2 <USBWakeUp_IRQHandler>

000006b4 <TIM8_BRK_IRQHandler>:
 6b4:	a001                	j	6b4 <TIM8_BRK_IRQHandler>

000006b6 <TIM8_UP_IRQHandler>:
 6b6:	a001                	j	6b6 <TIM8_UP_IRQHandler>

000006b8 <TIM8_TRG_COM_IRQHandler>:
 6b8:	a001                	j	6b8 <TIM8_TRG_COM_IRQHandler>

000006ba <TIM8_CC_IRQHandler>:
 6ba:	a001                	j	6ba <TIM8_CC_IRQHandler>

000006bc <RNG_IRQHandler>:
 6bc:	a001                	j	6bc <RNG_IRQHandler>

000006be <FSMC_IRQHandler>:
 6be:	a001                	j	6be <FSMC_IRQHandler>

000006c0 <SDIO_IRQHandler>:
 6c0:	a001                	j	6c0 <SDIO_IRQHandler>

000006c2 <TIM5_IRQHandler>:
 6c2:	a001                	j	6c2 <TIM5_IRQHandler>

000006c4 <SPI3_IRQHandler>:
 6c4:	a001                	j	6c4 <SPI3_IRQHandler>

000006c6 <UART4_IRQHandler>:
 6c6:	a001                	j	6c6 <UART4_IRQHandler>

000006c8 <UART5_IRQHandler>:
 6c8:	a001                	j	6c8 <UART5_IRQHandler>

000006ca <TIM6_IRQHandler>:
 6ca:	a001                	j	6ca <TIM6_IRQHandler>

000006cc <TIM7_IRQHandler>:
 6cc:	a001                	j	6cc <TIM7_IRQHandler>

000006ce <DMA2_Channel1_IRQHandler>:
 6ce:	a001                	j	6ce <DMA2_Channel1_IRQHandler>

000006d0 <DMA2_Channel2_IRQHandler>:
 6d0:	a001                	j	6d0 <DMA2_Channel2_IRQHandler>

000006d2 <DMA2_Channel3_IRQHandler>:
 6d2:	a001                	j	6d2 <DMA2_Channel3_IRQHandler>

000006d4 <DMA2_Channel4_IRQHandler>:
 6d4:	a001                	j	6d4 <DMA2_Channel4_IRQHandler>

000006d6 <DMA2_Channel5_IRQHandler>:
 6d6:	a001                	j	6d6 <DMA2_Channel5_IRQHandler>

000006d8 <ETH_IRQHandler>:
 6d8:	a001                	j	6d8 <ETH_IRQHandler>

000006da <ETH_WKUP_IRQHandler>:
 6da:	a001                	j	6da <ETH_WKUP_IRQHandler>

000006dc <CAN2_TX_IRQHandler>:
 6dc:	a001                	j	6dc <CAN2_TX_IRQHandler>

000006de <CAN2_RX0_IRQHandler>:
 6de:	a001                	j	6de <CAN2_RX0_IRQHandler>

000006e0 <CAN2_RX1_IRQHandler>:
 6e0:	a001                	j	6e0 <CAN2_RX1_IRQHandler>

000006e2 <CAN2_SCE_IRQHandler>:
 6e2:	a001                	j	6e2 <CAN2_SCE_IRQHandler>

000006e4 <OTG_FS_IRQHandler>:
 6e4:	a001                	j	6e4 <OTG_FS_IRQHandler>

000006e6 <USBHSWakeup_IRQHandler>:
 6e6:	a001                	j	6e6 <USBHSWakeup_IRQHandler>

000006e8 <USBHS_IRQHandler>:
 6e8:	a001                	j	6e8 <USBHS_IRQHandler>

000006ea <DVP_IRQHandler>:
 6ea:	a001                	j	6ea <DVP_IRQHandler>

000006ec <UART6_IRQHandler>:
 6ec:	a001                	j	6ec <UART6_IRQHandler>

000006ee <UART7_IRQHandler>:
 6ee:	a001                	j	6ee <UART7_IRQHandler>

000006f0 <UART8_IRQHandler>:
 6f0:	a001                	j	6f0 <UART8_IRQHandler>

000006f2 <TIM9_BRK_IRQHandler>:
 6f2:	a001                	j	6f2 <TIM9_BRK_IRQHandler>

000006f4 <TIM9_UP_IRQHandler>:
 6f4:	a001                	j	6f4 <TIM9_UP_IRQHandler>

000006f6 <TIM9_TRG_COM_IRQHandler>:
 6f6:	a001                	j	6f6 <TIM9_TRG_COM_IRQHandler>

000006f8 <TIM9_CC_IRQHandler>:
 6f8:	a001                	j	6f8 <TIM9_CC_IRQHandler>

000006fa <TIM10_BRK_IRQHandler>:
 6fa:	a001                	j	6fa <TIM10_BRK_IRQHandler>

000006fc <TIM10_UP_IRQHandler>:
 6fc:	a001                	j	6fc <TIM10_UP_IRQHandler>

000006fe <TIM10_TRG_COM_IRQHandler>:
 6fe:	a001                	j	6fe <TIM10_TRG_COM_IRQHandler>

00000700 <TIM10_CC_IRQHandler>:
 700:	a001                	j	700 <TIM10_CC_IRQHandler>

00000702 <DMA2_Channel6_IRQHandler>:
 702:	a001                	j	702 <DMA2_Channel6_IRQHandler>

00000704 <DMA2_Channel7_IRQHandler>:
 704:	a001                	j	704 <DMA2_Channel7_IRQHandler>

00000706 <DMA2_Channel8_IRQHandler>:
 706:	a001                	j	706 <DMA2_Channel8_IRQHandler>

00000708 <DMA2_Channel9_IRQHandler>:
 708:	a001                	j	708 <DMA2_Channel9_IRQHandler>

0000070a <DMA2_Channel10_IRQHandler>:
 70a:	a001                	j	70a <DMA2_Channel10_IRQHandler>

0000070c <DMA2_Channel11_IRQHandler>:
 70c:	a001                	j	70c <DMA2_Channel11_IRQHandler>

0000070e <handle_reset>:
 70e:	20000197          	auipc	gp,0x20000
 712:	0f218193          	addi	gp,gp,242 # 20000800 <__global_pointer$>
 716:	20010117          	auipc	sp,0x20010
 71a:	8ea10113          	addi	sp,sp,-1814 # 20010000 <_eusrstack>
 71e:	00000517          	auipc	a0,0x0
 722:	2f650513          	addi	a0,a0,758 # a14 <_data_lma>
 726:	20000597          	auipc	a1,0x20000
 72a:	8da58593          	addi	a1,a1,-1830 # 20000000 <SystemCoreClock>
 72e:	80818613          	addi	a2,gp,-2040 # 20000008 <Cmd_DispCtrl>
 732:	00c5fa63          	bgeu	a1,a2,746 <handle_reset+0x38>
 736:	00052283          	lw	t0,0(a0)
 73a:	0055a023          	sw	t0,0(a1)
 73e:	0511                	addi	a0,a0,4
 740:	0591                	addi	a1,a1,4
 742:	fec5eae3          	bltu	a1,a2,736 <handle_reset+0x28>
 746:	80818513          	addi	a0,gp,-2040 # 20000008 <Cmd_DispCtrl>
 74a:	81418593          	addi	a1,gp,-2028 # 20000014 <_ebss>
 74e:	00b57763          	bgeu	a0,a1,75c <handle_reset+0x4e>
 752:	00052023          	sw	zero,0(a0)
 756:	0511                	addi	a0,a0,4
 758:	feb56de3          	bltu	a0,a1,752 <handle_reset+0x44>
 75c:	42fd                	li	t0,31
 75e:	bc029073          	csrw	0xbc0,t0
 762:	42ad                	li	t0,11
 764:	80429073          	csrw	0x804,t0
 768:	6299                	lui	t0,0x6
 76a:	08828293          	addi	t0,t0,136 # 6088 <_data_lma+0x5674>
 76e:	3002a073          	csrs	mstatus,t0
 772:	00000297          	auipc	t0,0x0
 776:	8c628293          	addi	t0,t0,-1850 # 38 <_einit>
 77a:	0032e293          	ori	t0,t0,3
 77e:	30529073          	csrw	mtvec,t0
 782:	b71ff0ef          	jal	ra,2f2 <SystemInit>
 786:	00000297          	auipc	t0,0x0
 78a:	b1e28293          	addi	t0,t0,-1250 # 2a4 <main>
 78e:	34129073          	csrw	mepc,t0
 792:	30200073          	mret

00000796 <GPIO_Init>:
 796:	459c                	lw	a5,8(a1)
 798:	0107f713          	andi	a4,a5,16
 79c:	00f7f813          	andi	a6,a5,15
 7a0:	c701                	beqz	a4,7a8 <GPIO_Init+0x12>
 7a2:	41d8                	lw	a4,4(a1)
 7a4:	00e86833          	or	a6,a6,a4
 7a8:	0005d583          	lhu	a1,0(a1)
 7ac:	0ff5f713          	zext.b	a4,a1
 7b0:	c339                	beqz	a4,7f6 <GPIO_Init+0x60>
 7b2:	4118                	lw	a4,0(a0)
 7b4:	4681                	li	a3,0
 7b6:	4e85                	li	t4,1
 7b8:	4f3d                	li	t5,15
 7ba:	02800f93          	li	t6,40
 7be:	04800293          	li	t0,72
 7c2:	4e21                	li	t3,8
 7c4:	00de9633          	sll	a2,t4,a3
 7c8:	00c5f8b3          	and	a7,a1,a2
 7cc:	03161163          	bne	a2,a7,7ee <GPIO_Init+0x58>
 7d0:	00269893          	slli	a7,a3,0x2
 7d4:	011f1333          	sll	t1,t5,a7
 7d8:	fff34313          	not	t1,t1
 7dc:	00e37733          	and	a4,t1,a4
 7e0:	011818b3          	sll	a7,a6,a7
 7e4:	00e8e733          	or	a4,a7,a4
 7e8:	07f79063          	bne	a5,t6,848 <__stack_size+0x48>
 7ec:	c950                	sw	a2,20(a0)
 7ee:	0685                	addi	a3,a3,1
 7f0:	fdc69ae3          	bne	a3,t3,7c4 <GPIO_Init+0x2e>
 7f4:	c118                	sw	a4,0(a0)
 7f6:	0ff00713          	li	a4,255
 7fa:	04b77663          	bgeu	a4,a1,846 <__stack_size+0x46>
 7fe:	4154                	lw	a3,4(a0)
 800:	4601                	li	a2,0
 802:	4e85                	li	t4,1
 804:	4f3d                	li	t5,15
 806:	02800f93          	li	t6,40
 80a:	04800293          	li	t0,72
 80e:	4e21                	li	t3,8
 810:	00860713          	addi	a4,a2,8 # 20008 <_data_lma+0x1f5f4>
 814:	00ee9733          	sll	a4,t4,a4
 818:	00e5f8b3          	and	a7,a1,a4
 81c:	03171163          	bne	a4,a7,83e <__stack_size+0x3e>
 820:	00261893          	slli	a7,a2,0x2
 824:	011f1333          	sll	t1,t5,a7
 828:	fff34313          	not	t1,t1
 82c:	00d376b3          	and	a3,t1,a3
 830:	011818b3          	sll	a7,a6,a7
 834:	00d8e6b3          	or	a3,a7,a3
 838:	01f79c63          	bne	a5,t6,850 <__stack_size+0x50>
 83c:	c958                	sw	a4,20(a0)
 83e:	0605                	addi	a2,a2,1
 840:	fdc618e3          	bne	a2,t3,810 <__stack_size+0x10>
 844:	c154                	sw	a3,4(a0)
 846:	8082                	ret
 848:	fa5793e3          	bne	a5,t0,7ee <GPIO_Init+0x58>
 84c:	c910                	sw	a2,16(a0)
 84e:	b745                	j	7ee <GPIO_Init+0x58>
 850:	fe5797e3          	bne	a5,t0,83e <__stack_size+0x3e>
 854:	c918                	sw	a4,16(a0)
 856:	b7e5                	j	83e <__stack_size+0x3e>

00000858 <GPIO_ReadInputDataBit>:
 858:	4508                	lw	a0,8(a0)
 85a:	8d6d                	and	a0,a0,a1
 85c:	00a03533          	snez	a0,a0
 860:	8082                	ret

00000862 <GPIO_WriteBit>:
 862:	c219                	beqz	a2,868 <GPIO_WriteBit+0x6>
 864:	c90c                	sw	a1,16(a0)
 866:	8082                	ret
 868:	c94c                	sw	a1,20(a0)
 86a:	8082                	ret

0000086c <NVIC_PriorityGroupConfig>:
 86c:	80a1a623          	sw	a0,-2036(gp) # 2000000c <NVIC_Priority_Group>
 870:	8082                	ret

00000872 <RCC_APB2PeriphClockCmd>:
 872:	c599                	beqz	a1,880 <RCC_APB2PeriphClockCmd+0xe>
 874:	40021737          	lui	a4,0x40021
 878:	4f1c                	lw	a5,24(a4)
 87a:	8d5d                	or	a0,a0,a5
 87c:	cf08                	sw	a0,24(a4)
 87e:	8082                	ret
 880:	400217b7          	lui	a5,0x40021
 884:	4f98                	lw	a4,24(a5)
 886:	fff54513          	not	a0,a0
 88a:	8d79                	and	a0,a0,a4
 88c:	cf88                	sw	a0,24(a5)
 88e:	8082                	ret

00000890 <Delay_Init>:
 890:	200007b7          	lui	a5,0x20000
 894:	0007a783          	lw	a5,0(a5) # 20000000 <SystemCoreClock>
 898:	007a1737          	lui	a4,0x7a1
 89c:	20070713          	addi	a4,a4,512 # 7a1200 <_data_lma+0x7a07ec>
 8a0:	02e7d7b3          	divu	a5,a5,a4
 8a4:	0ff7f793          	zext.b	a5,a5
 8a8:	80f18923          	sb	a5,-2030(gp) # 20000012 <p_us>
 8ac:	3e800713          	li	a4,1000
 8b0:	02e787b3          	mul	a5,a5,a4
 8b4:	80f19823          	sh	a5,-2032(gp) # 20000010 <p_ms>
 8b8:	8082                	ret

000008ba <Delay_Us>:
 8ba:	e000f7b7          	lui	a5,0xe000f
 8be:	43d8                	lw	a4,4(a5)
 8c0:	4681                	li	a3,0
 8c2:	9b79                	andi	a4,a4,-2
 8c4:	c3d8                	sw	a4,4(a5)
 8c6:	8121c703          	lbu	a4,-2030(gp) # 20000012 <p_us>
 8ca:	02a70633          	mul	a2,a4,a0
 8ce:	cb90                	sw	a2,16(a5)
 8d0:	cbd4                	sw	a3,20(a5)
 8d2:	4398                	lw	a4,0(a5)
 8d4:	01076713          	ori	a4,a4,16
 8d8:	c398                	sw	a4,0(a5)
 8da:	4398                	lw	a4,0(a5)
 8dc:	02176713          	ori	a4,a4,33
 8e0:	c398                	sw	a4,0(a5)
 8e2:	43d8                	lw	a4,4(a5)
 8e4:	8b05                	andi	a4,a4,1
 8e6:	df75                	beqz	a4,8e2 <Delay_Us+0x28>
 8e8:	4398                	lw	a4,0(a5)
 8ea:	9b79                	andi	a4,a4,-2
 8ec:	c398                	sw	a4,0(a5)
 8ee:	8082                	ret

000008f0 <Delay_Ms>:
 8f0:	e000f7b7          	lui	a5,0xe000f
 8f4:	43d8                	lw	a4,4(a5)
 8f6:	4681                	li	a3,0
 8f8:	9b79                	andi	a4,a4,-2
 8fa:	c3d8                	sw	a4,4(a5)
 8fc:	8101d703          	lhu	a4,-2032(gp) # 20000010 <p_ms>
 900:	02a70633          	mul	a2,a4,a0
 904:	cb90                	sw	a2,16(a5)
 906:	cbd4                	sw	a3,20(a5)
 908:	4398                	lw	a4,0(a5)
 90a:	01076713          	ori	a4,a4,16
 90e:	c398                	sw	a4,0(a5)
 910:	4398                	lw	a4,0(a5)
 912:	02176713          	ori	a4,a4,33
 916:	c398                	sw	a4,0(a5)
 918:	43d8                	lw	a4,4(a5)
 91a:	8b05                	andi	a4,a4,1
 91c:	df75                	beqz	a4,918 <Delay_Ms+0x28>
 91e:	4398                	lw	a4,0(a5)
 920:	9b79                	andi	a4,a4,-2
 922:	c398                	sw	a4,0(a5)
 924:	8082                	ret

00000926 <memcpy>:
 926:	00a5c7b3          	xor	a5,a1,a0
 92a:	8b8d                	andi	a5,a5,3
 92c:	00c506b3          	add	a3,a0,a2
 930:	e781                	bnez	a5,938 <memcpy+0x12>
 932:	478d                	li	a5,3
 934:	00c7ee63          	bltu	a5,a2,950 <memcpy+0x2a>
 938:	87aa                	mv	a5,a0
 93a:	06d57163          	bgeu	a0,a3,99c <memcpy+0x76>
 93e:	0005c703          	lbu	a4,0(a1)
 942:	0785                	addi	a5,a5,1
 944:	0585                	addi	a1,a1,1
 946:	fee78fa3          	sb	a4,-1(a5) # e000efff <_eusrstack+0xbfffefff>
 94a:	fed7eae3          	bltu	a5,a3,93e <memcpy+0x18>
 94e:	8082                	ret
 950:	00357713          	andi	a4,a0,3
 954:	87aa                	mv	a5,a0
 956:	cb11                	beqz	a4,96a <memcpy+0x44>
 958:	0005c703          	lbu	a4,0(a1)
 95c:	0785                	addi	a5,a5,1
 95e:	0585                	addi	a1,a1,1
 960:	fee78fa3          	sb	a4,-1(a5)
 964:	0037f713          	andi	a4,a5,3
 968:	b7fd                	j	956 <memcpy+0x30>
 96a:	ffc6f713          	andi	a4,a3,-4
 96e:	40f70833          	sub	a6,a4,a5
 972:	02000613          	li	a2,32
 976:	03064463          	blt	a2,a6,99e <memcpy+0x78>
 97a:	882e                	mv	a6,a1
 97c:	863e                	mv	a2,a5
 97e:	06e66b63          	bltu	a2,a4,9f4 <memcpy+0xce>
 982:	ffd78813          	addi	a6,a5,-3
 986:	4601                	li	a2,0
 988:	01076663          	bltu	a4,a6,994 <memcpy+0x6e>
 98c:	070d                	addi	a4,a4,3
 98e:	8f1d                	sub	a4,a4,a5
 990:	ffc77613          	andi	a2,a4,-4
 994:	97b2                	add	a5,a5,a2
 996:	95b2                	add	a1,a1,a2
 998:	fad7e3e3          	bltu	a5,a3,93e <memcpy+0x18>
 99c:	8082                	ret
 99e:	0005a383          	lw	t2,0(a1)
 9a2:	0045a283          	lw	t0,4(a1)
 9a6:	0085af83          	lw	t6,8(a1)
 9aa:	00c5af03          	lw	t5,12(a1)
 9ae:	0105ae83          	lw	t4,16(a1)
 9b2:	0145ae03          	lw	t3,20(a1)
 9b6:	0185a303          	lw	t1,24(a1)
 9ba:	01c5a883          	lw	a7,28(a1)
 9be:	0077a023          	sw	t2,0(a5)
 9c2:	0057a223          	sw	t0,4(a5)
 9c6:	0205a803          	lw	a6,32(a1)
 9ca:	01f7a423          	sw	t6,8(a5)
 9ce:	01e7a623          	sw	t5,12(a5)
 9d2:	01d7a823          	sw	t4,16(a5)
 9d6:	01c7aa23          	sw	t3,20(a5)
 9da:	0067ac23          	sw	t1,24(a5)
 9de:	0117ae23          	sw	a7,28(a5)
 9e2:	02478793          	addi	a5,a5,36
 9e6:	02458593          	addi	a1,a1,36
 9ea:	ff07ae23          	sw	a6,-4(a5)
 9ee:	40f70833          	sub	a6,a4,a5
 9f2:	b751                	j	976 <memcpy+0x50>
 9f4:	00082883          	lw	a7,0(a6)
 9f8:	0611                	addi	a2,a2,4
 9fa:	0811                	addi	a6,a6,4
 9fc:	ff162e23          	sw	a7,-4(a2)
 a00:	bfbd                	j	97e <memcpy+0x58>
	...

00000a04 <TubeTab>:
 a04:	063f 4f5b 6d66 077d 6f7f 7c77 0040 0000     ?.[Ofm}..ow|@...
